[08-Oct-2021 07:16:21 UTC] APP Log:  Caught Garden\Schema\ValidationException: expand.[0] must be one of: crawl, all. expand is invalid. in /srv/vanilla-repositories/vanilla/vendor/vanilla/garden-schema/src/Schema.php:674
Stack trace:
#0 /srv/vanilla-repositories/vanilla/applications/dashboard/controllers/api/ResourcesApiController.php(121): Garden\Schema\Schema->validate(Array)
#1 [internal function]: Vanilla\Dashboard\Controllers\API\ResourcesApiController->get('discussion', Array)
#2 /srv/vanilla-repositories/vanilla/library/Garden/Web/Action.php(80): call_user_func_array(Array, Array)
#3 /srv/vanilla-repositories/vanilla/library/Garden/Web/Dispatcher.php(161): Garden\Web\Action->__invoke()
#4 /srv/vanilla-repositories/vanilla/library/Vanilla/Web/PrivateCommunityMiddleware.php(63): Garden\Web\Dispatcher->Garden\Web\{closure}(Object(Gdn_Request))
#5 [internal function]: Vanilla\Web\PrivateCommunityMiddleware->__invoke(Object(Gdn_Request), Object(Closure))
#6 /srv/vanilla-repositories/vanilla/library/Garden/Web/Dispatcher.php(413): call_user_func(Object(Vanilla\Web\PrivateCommunityMiddleware), Object(Gdn_Request), Object(Closure))
#7 /srv/vanilla-repositories/vanilla/library/Vanilla/Web/ApiFilterMiddleware.php(36): Garden\Web\Dispatcher::Garden\Web\{closure}(Object(Gdn_Request))
#8 [internal function]: Vanilla\Web\ApiFilterMiddleware->__invoke(Object(Gdn_Request), Object(Closure))
#9 /srv/vanilla-repositories/vanilla/library/Garden/Web/Dispatcher.php(413): call_user_func(Object(Vanilla\Web\ApiFilterMiddleware), Object(Gdn_Request), Object(Closure))
#10 /srv/vanilla-repositories/vanilla/library/Garden/Web/Dispatcher.php(421): Garden\Web\Dispatcher::Garden\Web\{closure}(Object(Gdn_Request))
#11 /srv/vanilla-repositories/vanilla/library/Garden/Web/Dispatcher.php(174): Garden\Web\Dispatcher::callMiddlewares(Object(Gdn_Request), Array, Object(Closure))
#12 /srv/vanilla-repositories/vanilla/library/Garden/Web/Dispatcher.php(53): Garden\Web\Dispatcher->dispatchInternal(Object(Gdn_Request))
#13 /srv/vanilla-repositories/vanilla/library/Vanilla/Scheduler/LongRunnerMiddleware.php(67): Garden\Web\Dispatcher->Garden\Web\{closure}(Object(Gdn_Request))
#14 /srv/vanilla-repositories/vanilla/library/Garden/Web/MiddlewareAwareTrait.php(40): Vanilla\Scheduler\LongRunnerMiddleware->__invoke(Object(Gdn_Request), Object(Closure))
#15 /srv/vanilla-repositories/vanilla/library/Vanilla/Web/SmartIDMiddleware.php(139): Garden\Web\Dispatcher->Garden\Web\{closure}(Object(Gdn_Request))
#16 /srv/vanilla-repositories/vanilla/library/Garden/Web/MiddlewareAwareTrait.php(40): Vanilla\Web\SmartIDMiddleware->__invoke(Object(Gdn_Request), Object(Closure))
#17 /srv/vanilla-repositories/vanilla/library/Vanilla/Web/APIExpandMiddleware.php(71): Garden\Web\Dispatcher->Garden\Web\{closure}(Object(Gdn_Request))
#18 /srv/vanilla-repositories/vanilla/library/Garden/Web/MiddlewareAwareTrait.php(40): Vanilla\Web\APIExpandMiddleware->__invoke(Object(Gdn_Request), Object(Closure))
#19 /srv/vanilla-repositories/vanilla/library/Vanilla/Web/CacheControlMiddleware.php(77): Garden\Web\Dispatcher->Garden\Web\{closure}(Object(Gdn_Request))
#20 /srv/vanilla-repositories/vanilla/library/Garden/Web/MiddlewareAwareTrait.php(40): Vanilla\Web\CacheControlMiddleware->__invoke(Object(Gdn_Request), Object(Closure))
#21 /srv/vanilla-repositories/vanilla/library/Vanilla/Web/DeploymentHeaderMiddleware.php(40): Garden\Web\Dispatcher->Garden\Web\{closure}(Object(Gdn_Request))
#22 /srv/vanilla-repositories/vanilla/library/Garden/Web/MiddlewareAwareTrait.php(40): Vanilla\Web\DeploymentHeaderMiddleware->__invoke(Object(Gdn_Request), Object(Closure))
#23 /srv/vanilla-repositories/vanilla/library/Vanilla/Web/ContentSecurityPolicyMiddleware.php(42): Garden\Web\Dispatcher->Garden\Web\{closure}(Object(Gdn_Request))
#24 /srv/vanilla-repositories/vanilla/library/Garden/Web/MiddlewareAwareTrait.php(40): Vanilla\Web\ContentSecurityPolicyMiddleware->__invoke(Object(Gdn_Request), Object(Closure))
#25 /srv/vanilla-repositories/vanilla/library/Vanilla/Web/HttpStrictTransportSecurityMiddleware.php(38): Garden\Web\Dispatcher->Garden\Web\{closure}(Object(Gdn_Request))
#26 /srv/vanilla-repositories/vanilla/library/Garden/Web/MiddlewareAwareTrait.php(40): Vanilla\Web\HttpStrictTransportSecurityMiddleware->__invoke(Object(Gdn_Request), Object(Closure))
#27 /srv/vanilla-repositories/vanilla/library/Vanilla/Web/Middleware/LogTransactionMiddleware.php(38): Garden\Web\Dispatcher->Garden\Web\{closure}(Object(Gdn_Request))
#28 /srv/vanilla-repositories/vanilla/library/Garden/Web/MiddlewareAwareTrait.php(40): Vanilla\Web\Middleware\LogTransactionMiddleware->__invoke(Object(Gdn_Request), Object(Closure))
#29 /srv/vanilla-repositories/vanilla/library/Vanilla/Web/Middleware/SystemTokenMiddleware.php(60): Garden\Web\Dispatcher->Garden\Web\{closure}(Object(Gdn_Request))
#30 /srv/vanilla-repositories/vanilla/library/Garden/Web/MiddlewareAwareTrait.php(40): Vanilla\Web\Middleware\SystemTokenMiddleware->__invoke(Object(Gdn_Request), Object(Closure))
#31 [internal function]: Garden\Web\Dispatcher->Garden\Web\{closure}(Object(Gdn_Request))
#32 /srv/vanilla-repositories/vanilla/library/Garden/Web/MiddlewareAwareTrait.php(60): call_user_func(Object(Closure), Object(Gdn_Request))
#33 /srv/vanilla-repositories/vanilla/library/Garden/Web/Dispatcher.php(111): Garden\Web\Dispatcher->callMiddleware(Object(Gdn_Request))
#34 /srv/vanilla-repositories/vanilla/library/core/class.dispatcher.php(327): Garden\Web\Dispatcher->dispatch(Object(Gdn_Request))
#35 /srv/vanilla-repositories/vanilla/index.php(29): Gdn_Dispatcher->dispatch()
#36 {main}
  thrown in /srv/vanilla-repositories/vanilla/vendor/vanilla/garden-schema/src/Schema.php on line 674
[08-Oct-2021 07:17:22 UTC] APP Log:  Caught Garden\Schema\ValidationException: expand.[0] must be one of: crawl, all. expand is invalid. in /srv/vanilla-repositories/vanilla/vendor/vanilla/garden-schema/src/Schema.php:674
Stack trace:
#0 /srv/vanilla-repositories/vanilla/applications/dashboard/controllers/api/ResourcesApiController.php(121): Garden\Schema\Schema->validate(Array)
#1 [internal function]: Vanilla\Dashboard\Controllers\API\ResourcesApiController->get('discussion', Array)
#2 /srv/vanilla-repositories/vanilla/library/Garden/Web/Action.php(80): call_user_func_array(Array, Array)
#3 /srv/vanilla-repositories/vanilla/library/Garden/Web/Dispatcher.php(161): Garden\Web\Action->__invoke()
#4 /srv/vanilla-repositories/vanilla/library/Vanilla/Web/PrivateCommunityMiddleware.php(63): Garden\Web\Dispatcher->Garden\Web\{closure}(Object(Gdn_Request))
#5 [internal function]: Vanilla\Web\PrivateCommunityMiddleware->__invoke(Object(Gdn_Request), Object(Closure))
#6 /srv/vanilla-repositories/vanilla/library/Garden/Web/Dispatcher.php(413): call_user_func(Object(Vanilla\Web\PrivateCommunityMiddleware), Object(Gdn_Request), Object(Closure))
#7 /srv/vanilla-repositories/vanilla/library/Vanilla/Web/ApiFilterMiddleware.php(36): Garden\Web\Dispatcher::Garden\Web\{closure}(Object(Gdn_Request))
#8 [internal function]: Vanilla\Web\ApiFilterMiddleware->__invoke(Object(Gdn_Request), Object(Closure))
#9 /srv/vanilla-repositories/vanilla/library/Garden/Web/Dispatcher.php(413): call_user_func(Object(Vanilla\Web\ApiFilterMiddleware), Object(Gdn_Request), Object(Closure))
#10 /srv/vanilla-repositories/vanilla/library/Garden/Web/Dispatcher.php(421): Garden\Web\Dispatcher::Garden\Web\{closure}(Object(Gdn_Request))
#11 /srv/vanilla-repositories/vanilla/library/Garden/Web/Dispatcher.php(174): Garden\Web\Dispatcher::callMiddlewares(Object(Gdn_Request), Array, Object(Closure))
#12 /srv/vanilla-repositories/vanilla/library/Garden/Web/Dispatcher.php(53): Garden\Web\Dispatcher->dispatchInternal(Object(Gdn_Request))
#13 /srv/vanilla-repositories/vanilla/library/Vanilla/Scheduler/LongRunnerMiddleware.php(67): Garden\Web\Dispatcher->Garden\Web\{closure}(Object(Gdn_Request))
#14 /srv/vanilla-repositories/vanilla/library/Garden/Web/MiddlewareAwareTrait.php(40): Vanilla\Scheduler\LongRunnerMiddleware->__invoke(Object(Gdn_Request), Object(Closure))
#15 /srv/vanilla-repositories/vanilla/library/Vanilla/Web/SmartIDMiddleware.php(139): Garden\Web\Dispatcher->Garden\Web\{closure}(Object(Gdn_Request))
#16 /srv/vanilla-repositories/vanilla/library/Garden/Web/MiddlewareAwareTrait.php(40): Vanilla\Web\SmartIDMiddleware->__invoke(Object(Gdn_Request), Object(Closure))
#17 /srv/vanilla-repositories/vanilla/library/Vanilla/Web/APIExpandMiddleware.php(71): Garden\Web\Dispatcher->Garden\Web\{closure}(Object(Gdn_Request))
#18 /srv/vanilla-repositories/vanilla/library/Garden/Web/MiddlewareAwareTrait.php(40): Vanilla\Web\APIExpandMiddleware->__invoke(Object(Gdn_Request), Object(Closure))
#19 /srv/vanilla-repositories/vanilla/library/Vanilla/Web/CacheControlMiddleware.php(77): Garden\Web\Dispatcher->Garden\Web\{closure}(Object(Gdn_Request))
#20 /srv/vanilla-repositories/vanilla/library/Garden/Web/MiddlewareAwareTrait.php(40): Vanilla\Web\CacheControlMiddleware->__invoke(Object(Gdn_Request), Object(Closure))
#21 /srv/vanilla-repositories/vanilla/library/Vanilla/Web/DeploymentHeaderMiddleware.php(40): Garden\Web\Dispatcher->Garden\Web\{closure}(Object(Gdn_Request))
#22 /srv/vanilla-repositories/vanilla/library/Garden/Web/MiddlewareAwareTrait.php(40): Vanilla\Web\DeploymentHeaderMiddleware->__invoke(Object(Gdn_Request), Object(Closure))
#23 /srv/vanilla-repositories/vanilla/library/Vanilla/Web/ContentSecurityPolicyMiddleware.php(42): Garden\Web\Dispatcher->Garden\Web\{closure}(Object(Gdn_Request))
#24 /srv/vanilla-repositories/vanilla/library/Garden/Web/MiddlewareAwareTrait.php(40): Vanilla\Web\ContentSecurityPolicyMiddleware->__invoke(Object(Gdn_Request), Object(Closure))
#25 /srv/vanilla-repositories/vanilla/library/Vanilla/Web/HttpStrictTransportSecurityMiddleware.php(38): Garden\Web\Dispatcher->Garden\Web\{closure}(Object(Gdn_Request))
#26 /srv/vanilla-repositories/vanilla/library/Garden/Web/MiddlewareAwareTrait.php(40): Vanilla\Web\HttpStrictTransportSecurityMiddleware->__invoke(Object(Gdn_Request), Object(Closure))
#27 /srv/vanilla-repositories/vanilla/library/Vanilla/Web/Middleware/LogTransactionMiddleware.php(38): Garden\Web\Dispatcher->Garden\Web\{closure}(Object(Gdn_Request))
#28 /srv/vanilla-repositories/vanilla/library/Garden/Web/MiddlewareAwareTrait.php(40): Vanilla\Web\Middleware\LogTransactionMiddleware->__invoke(Object(Gdn_Request), Object(Closure))
#29 /srv/vanilla-repositories/vanilla/library/Vanilla/Web/Middleware/SystemTokenMiddleware.php(60): Garden\Web\Dispatcher->Garden\Web\{closure}(Object(Gdn_Request))
#30 /srv/vanilla-repositories/vanilla/library/Garden/Web/MiddlewareAwareTrait.php(40): Vanilla\Web\Middleware\SystemTokenMiddleware->__invoke(Object(Gdn_Request), Object(Closure))
#31 [internal function]: Garden\Web\Dispatcher->Garden\Web\{closure}(Object(Gdn_Request))
#32 /srv/vanilla-repositories/vanilla/library/Garden/Web/MiddlewareAwareTrait.php(60): call_user_func(Object(Closure), Object(Gdn_Request))
#33 /srv/vanilla-repositories/vanilla/library/Garden/Web/Dispatcher.php(111): Garden\Web\Dispatcher->callMiddleware(Object(Gdn_Request))
#34 /srv/vanilla-repositories/vanilla/library/core/class.dispatcher.php(327): Garden\Web\Dispatcher->dispatch(Object(Gdn_Request))
#35 /srv/vanilla-repositories/vanilla/index.php(29): Gdn_Dispatcher->dispatch()
#36 {main}
  thrown in /srv/vanilla-repositories/vanilla/vendor/vanilla/garden-schema/src/Schema.php on line 674
